*** Using Compiler 'V5.06 update 4 (build 422)', folder: 'C:\Keil_v5\ARM\ARMCC\Bin'
Rebuild target 'Target 1'
assembling startup_TM4C129.s...
compiling system_TM4C129.c...
compiling exp2-1.c...
exp2-1.c(149): warning:  #550-D: variable "result"  was set but never used
  	uint8_t result;
exp2-1.c(181): warning:  #167-D: argument of type "uint8_t *" is incompatible with parameter of type "const char *"
  	UARTStringPut((uint8_t *)"\r\nHello, world!\r\n");
exp2-1.c(249): warning:  #550-D: variable "keypadHold"  was set but never used
  	uint16_t keypadPressed[8] = {0}, keypadHold[8] = {0};
exp2-1.c(250): warning:  #550-D: variable "buttonHold"  was set but never used
  	uint16_t buttonPressed[2] = {0}, buttonHold[2] = {0};
exp2-1.c(541): warning:  #550-D: variable "rop"  was set but never used
  	uint8_t value, rop;
exp2-1.c(569): warning:  #186-D: pointless comparison of unsigned integer with zero
  	if (number >= 0 && number <= 9)
exp2-1.c: 6 warnings, 0 errors
linking...
Program Size: Code=6568 RO-data=2008 RW-data=56 ZI-data=728  
FromELF: creating hex file...
".\Objects\exp1.axf" - 0 Error(s), 6 Warning(s).
Build Time Elapsed:  00:00:02
